[debug] [2022-09-20T14:12:58.390Z] ----------------------------------------------------------------------
[debug] [2022-09-20T14:12:58.392Z] Command:       C:\Program Files\nodejs\node.exe C:\Users\SAYANDEEP\AppData\Roaming\npm\node_modules\firebase-tools\lib\bin\firebase.js deploy
[debug] [2022-09-20T14:12:58.392Z] CLI Version:   11.8.0
[debug] [2022-09-20T14:12:58.392Z] Platform:      win32
[debug] [2022-09-20T14:12:58.393Z] Node Version:  v16.17.0
[debug] [2022-09-20T14:12:58.402Z] Time:          Tue Sep 20 2022 19:42:58 GMT+0530 (India Standard Time)
[debug] [2022-09-20T14:12:58.402Z] ----------------------------------------------------------------------
[debug] 
[debug] [2022-09-20T14:12:58.405Z] >>> [apiv2][query] GET https://firebase-public.firebaseio.com/cli.json [none]
[debug] [2022-09-20T14:12:58.478Z] > command requires scopes: ["email","openid","https://www.googleapis.com/auth/cloudplatformprojects.readonly","https://www.googleapis.com/auth/firebase","https://www.googleapis.com/auth/cloud-platform"]
[debug] [2022-09-20T14:12:58.478Z] > authorizing via signed-in user (arpankarak92@gmail.com)
[debug] [2022-09-20T14:12:58.478Z] [iam] checking project renderlist-dev for permissions ["firebase.projects.get","firebasehosting.sites.update"]
[debug] [2022-09-20T14:12:58.479Z] > refreshing access token with scopes: []
[debug] [2022-09-20T14:12:58.480Z] >>> [apiv2][query] POST https://www.googleapis.com/oauth2/v3/token [none]
[debug] [2022-09-20T14:12:58.480Z] >>> [apiv2][body] POST https://www.googleapis.com/oauth2/v3/token [omitted]
[debug] [2022-09-20T14:12:58.864Z] <<< [apiv2][status] POST https://www.googleapis.com/oauth2/v3/token 200
[debug] [2022-09-20T14:12:58.864Z] <<< [apiv2][body] POST https://www.googleapis.com/oauth2/v3/token [omitted]
[debug] [2022-09-20T14:12:58.880Z] >>> [apiv2][query] POST https://cloudresourcemanager.googleapis.com/v1/projects/renderlist-dev:testIamPermissions [none]
[debug] [2022-09-20T14:12:58.880Z] >>> [apiv2][(partial)header] POST https://cloudresourcemanager.googleapis.com/v1/projects/renderlist-dev:testIamPermissions x-goog-quota-user=projects/renderlist-dev
[debug] [2022-09-20T14:12:58.880Z] >>> [apiv2][body] POST https://cloudresourcemanager.googleapis.com/v1/projects/renderlist-dev:testIamPermissions {"permissions":["firebase.projects.get","firebasehosting.sites.update"]}
[debug] [2022-09-20T14:12:59.225Z] <<< [apiv2][status] GET https://firebase-public.firebaseio.com/cli.json 200
[debug] [2022-09-20T14:12:59.225Z] <<< [apiv2][body] GET https://firebase-public.firebaseio.com/cli.json {"cloudBuildErrorAfter":1594252800000,"cloudBuildWarnAfter":1590019200000,"defaultNode10After":1594252800000,"minVersion":"3.0.5","node8DeploysDisabledAfter":1613390400000,"node8RuntimeDisabledAfter":1615809600000,"node8WarnAfter":1600128000000}
[debug] [2022-09-20T14:13:00.702Z] <<< [apiv2][status] POST https://cloudresourcemanager.googleapis.com/v1/projects/renderlist-dev:testIamPermissions 200
[debug] [2022-09-20T14:13:00.703Z] <<< [apiv2][body] POST https://cloudresourcemanager.googleapis.com/v1/projects/renderlist-dev:testIamPermissions {}
[debug] [2022-09-20T14:13:00.703Z] [iam] error while checking permissions, command may fail: FirebaseError: Authorization failed. This account is missing the following required permissions on project renderlist-dev:

  firebase.projects.get
  firebasehosting.sites.update
[debug] [2022-09-20T14:13:00.704Z] >>> [apiv2][query] GET https://firebase.googleapis.com/v1beta1/projects/renderlist-dev [none]
[debug] [2022-09-20T14:13:01.265Z] <<< [apiv2][status] GET https://firebase.googleapis.com/v1beta1/projects/renderlist-dev 403
[debug] [2022-09-20T14:13:01.265Z] <<< [apiv2][body] GET https://firebase.googleapis.com/v1beta1/projects/renderlist-dev {"error":{"code":403,"message":"The caller does not have permission","status":"PERMISSION_DENIED"}}
[debug] [2022-09-20T14:13:01.265Z] HTTP Error: 403, The caller does not have permission
[debug] [2022-09-20T14:13:01.511Z] FirebaseError: HTTP Error: 403, The caller does not have permission
    at responseToError (C:\Users\SAYANDEEP\AppData\Roaming\npm\node_modules\firebase-tools\lib\responseToError.js:49:12)
    at RetryOperation._fn (C:\Users\SAYANDEEP\AppData\Roaming\npm\node_modules\firebase-tools\lib\apiv2.js:288:77)
    at processTicksAndRejections (node:internal/process/task_queues:96:5)
[error] 
[error] Error: Failed to get Firebase project renderlist-dev. Please make sure the project exists and your account has permission to access it.
